0 info it worked if it ends with ok
1 verbose cli [ '/usr/local/opt/nvm/versions/node/v0.12.0/bin/node',
1 verbose cli   '/usr/local/opt/nvm/versions/node/v0.12.0/bin/npm',
1 verbose cli   'run',
1 verbose cli   'nodemon' ]
2 info using npm@2.5.1
3 info using node@v0.12.0
4 verbose node symlink /usr/local/opt/nvm/versions/node/v0.12.0/bin/node
5 verbose stack Error: missing script: nodemon
5 verbose stack     at run (/usr/local/Cellar/nvm/0.23.3/versions/node/v0.12.0/lib/node_modules/npm/lib/run-script.js:138:19)
5 verbose stack     at /usr/local/Cellar/nvm/0.23.3/versions/node/v0.12.0/lib/node_modules/npm/lib/run-script.js:81:5
5 verbose stack     at /usr/local/Cellar/nvm/0.23.3/versions/node/v0.12.0/lib/node_modules/npm/node_modules/read-package-json/read-json.js:51:40
5 verbose stack     at final (/usr/local/Cellar/nvm/0.23.3/versions/node/v0.12.0/lib/node_modules/npm/node_modules/read-package-json/read-json.js:349:17)
5 verbose stack     at then (/usr/local/Cellar/nvm/0.23.3/versions/node/v0.12.0/lib/node_modules/npm/node_modules/read-package-json/read-json.js:126:33)
5 verbose stack     at /usr/local/Cellar/nvm/0.23.3/versions/node/v0.12.0/lib/node_modules/npm/node_modules/read-package-json/read-json.js:316:48
5 verbose stack     at evalmachine.<anonymous>:265:20
5 verbose stack     at OpenReq.Req.done (/usr/local/Cellar/nvm/0.23.3/versions/node/v0.12.0/lib/node_modules/npm/node_modules/graceful-fs/graceful-fs.js:141:5)
5 verbose stack     at OpenReq.done (/usr/local/Cellar/nvm/0.23.3/versions/node/v0.12.0/lib/node_modules/npm/node_modules/graceful-fs/graceful-fs.js:61:22)
5 verbose stack     at FSReqWrap.oncomplete (evalmachine.<anonymous>:99:15)
6 verbose cwd /Users/arturdinizadam/workspaces/caelum/ceepAJAX
7 error Darwin 14.3.0
8 error argv "/usr/local/opt/nvm/versions/node/v0.12.0/bin/node" "/usr/local/opt/nvm/versions/node/v0.12.0/bin/npm" "run" "nodemon"
9 error node v0.12.0
10 error npm  v2.5.1
11 error missing script: nodemon
12 error If you need help, you may report this error at:
12 error     <http://github.com/npm/npm/issues>
13 verbose exit [ 1, true ]
